<?xml version="1.0" encoding="UTF-8" ?>
<testsuite failures="5" time="10.46" errors="0" skipped="94" tests="165" name="TestSuite">
  <properties>
    <property name="java.runtime.name" value="Java(TM) SE Runtime Environment"/>
    <property name="sun.boot.library.path" value="/System/Library/Java/JavaVirtualMachines/1.6.0.jdk/Contents/Libraries"/>
    <property name="java.vm.version" value="19.1-b02-334"/>
    <property name="awt.nativeDoubleBuffering" value="true"/>
    <property name="gopherProxySet" value="false"/>
    <property name="mrj.build" value="10M3326"/>
    <property name="java.vm.vendor" value="Apple Inc."/>
    <property name="java.vendor.url" value="http://www.apple.com/"/>
    <property name="path.separator" value=":"/>
    <property name="java.vm.name" value="Java HotSpot(TM) 64-Bit Server VM"/>
    <property name="file.encoding.pkg" value="sun.io"/>
    <property name="user.country" value="US"/>
    <property name="sun.java.launcher" value="SUN_STANDARD"/>
    <property name="sun.os.patch.level" value="unknown"/>
    <property name="java.vm.specification.name" value="Java Virtual Machine Specification"/>
    <property name="user.dir" value="/Users/hliu/ws/GITHUB/pphnl/discovery/server"/>
    <property name="java.runtime.version" value="1.6.0_24-b07-334-10M3326"/>
    <property name="java.awt.graphicsenv" value="apple.awt.CGraphicsEnvironment"/>
    <property name="basedir" value="/Users/hliu/ws/GITHUB/pphnl/discovery/server"/>
    <property name="java.endorsed.dirs" value="/System/Library/Java/JavaVirtualMachines/1.6.0.jdk/Contents/Home/lib/endorsed"/>
    <property name="os.arch" value="x86_64"/>
    <property name="surefire.real.class.path" value="/Users/hliu/ws/GITHUB/pphnl/discovery/server/target/surefire/surefirebooter1901920829799794404.jar"/>
    <property name="java.io.tmpdir" value="/var/folders/QV/QVISSDHfH-Oh0tz6InR4A56J5bU/-Tmp-/"/>
    <property name="line.separator" value="
"/>
    <property name="java.vm.specification.vendor" value="Sun Microsystems Inc."/>
    <property name="os.name" value="Mac OS X"/>
    <property name="sun.jnu.encoding" value="MacRoman"/>
    <property name="java.library.path" value=".:/Library/Java/Extensions:/System/Library/Java/Extensions:/usr/lib/java"/>
    <property name="surefire.test.class.path" value="/Users/hliu/ws/GITHUB/pphnl/discovery/server/target/test-classes:/Users/hliu/ws/GITHUB/pphnl/discovery/server/target/classes:/Users/hliu/.m2/repository/com/proofpoint/platform/experimental/0.44-SNAPSHOT/experimental-0.44-SNAPSHOT.jar:/Users/hliu/.m2/repository/com/sun/jersey/jersey-server/1.3/jersey-server-1.3.jar:/Users/hliu/.m2/repository/com/sun/jersey/jersey-core/1.3/jersey-core-1.3.jar:/Users/hliu/.m2/repository/javax/ws/rs/jsr311-api/1.1.1/jsr311-api-1.1.1.jar:/Users/hliu/.m2/repository/asm/asm/3.1/asm-3.1.jar:/Users/hliu/.m2/repository/com/proofpoint/platform/json/0.44-SNAPSHOT/json-0.44-SNAPSHOT.jar:/Users/hliu/.m2/repository/com/google/inject/guice/3.0/guice-3.0.jar:/Users/hliu/.m2/repository/javax/inject/javax.inject/1/javax.inject-1.jar:/Users/hliu/.m2/repository/aopalliance/aopalliance/1.0/aopalliance-1.0.jar:/Users/hliu/.m2/repository/org/codehaus/jackson/jackson-mapper-asl/1.7.5/jackson-mapper-asl-1.7.5.jar:/Users/hliu/.m2/repository/com/google/guava/guava/r09/guava-r09.jar:/Users/hliu/.m2/repository/com/proofpoint/platform/cassandra-experimental/0.44-SNAPSHOT/cassandra-experimental-0.44-SNAPSHOT.jar:/Users/hliu/.m2/repository/com/proofpoint/platform/configuration/0.44-SNAPSHOT/configuration-0.44-SNAPSHOT.jar:/Users/hliu/.m2/repository/javax/validation/validation-api/1.0.0.GA/validation-api-1.0.0.GA.jar:/Users/hliu/.m2/repository/org/hibernate/hibernate-validator/4.0.2.GA/hibernate-validator-4.0.2.GA.jar:/Users/hliu/.m2/repository/javax/xml/bind/jaxb-api/2.1/jaxb-api-2.1.jar:/Users/hliu/.m2/repository/javax/xml/stream/stax-api/1.0-2/stax-api-1.0-2.jar:/Users/hliu/.m2/repository/javax/activation/activation/1.1/activation-1.1.jar:/Users/hliu/.m2/repository/com/sun/xml/bind/jaxb-impl/2.1.3/jaxb-impl-2.1.3.jar:/Users/hliu/.m2/repository/cglib/cglib-nodep/2.2/cglib-nodep-2.2.jar:/Users/hliu/.m2/repository/com/proofpoint/platform/node/0.44-SNAPSHOT/node-0.44-SNAPSHOT.jar:/Users/hliu/.m2/repository/org/apache/cassandra/cassandra-all/0.8.1/cassandra-all-0.8.1.jar:/Users/hliu/.m2/repository/commons-cli/commons-cli/1.1/commons-cli-1.1.jar:/Users/hliu/.m2/repository/commons-codec/commons-codec/1.2/commons-codec-1.2.jar:/Users/hliu/.m2/repository/commons-collections/commons-collections/3.2.1/commons-collections-3.2.1.jar:/Users/hliu/.m2/repository/com/googlecode/concurrentlinkedhashmap/concurrentlinkedhashmap-lru/1.1/concurrentlinkedhashmap-lru-1.1.jar:/Users/hliu/.m2/repository/org/antlr/antlr/3.2/antlr-3.2.jar:/Users/hliu/.m2/repository/org/antlr/antlr-runtime/3.2/antlr-runtime-3.2.jar:/Users/hliu/.m2/repository/org/antlr/stringtemplate/3.2/stringtemplate-3.2.jar:/Users/hliu/.m2/repository/antlr/antlr/2.7.7/antlr-2.7.7.jar:/Users/hliu/.m2/repository/org/apache/cassandra/deps/avro/1.4.0-cassandra-1/avro-1.4.0-cassandra-1.jar:/Users/hliu/.m2/repository/org/mortbay/jetty/jetty/6.1.22/jetty-6.1.22.jar:/Users/hliu/.m2/repository/org/mortbay/jetty/jetty-util/6.1.22/jetty-util-6.1.22.jar:/Users/hliu/.m2/repository/org/mortbay/jetty/servlet-api/2.5-20081211/servlet-api-2.5-20081211.jar:/Users/hliu/.m2/repository/jline/jline/0.9.94/jline-0.9.94.jar:/Users/hliu/.m2/repository/com/googlecode/json-simple/json-simple/1.1/json-simple-1.1.jar:/Users/hliu/.m2/repository/log4j/log4j/1.2.16/log4j-1.2.16.jar:/Users/hliu/.m2/repository/org/apache/thrift/libthrift/0.6.1/libthrift-0.6.1.jar:/Users/hliu/.m2/repository/org/apache/httpcomponents/httpclient/4.0.1/httpclient-4.0.1.jar:/Users/hliu/.m2/repository/org/apache/httpcomponents/httpcore/4.0.1/httpcore-4.0.1.jar:/Users/hliu/.m2/repository/commons-logging/commons-logging/1.1.1/commons-logging-1.1.1.jar:/Users/hliu/.m2/repository/org/apache/cassandra/cassandra-thrift/0.8.1/cassandra-thrift-0.8.1.jar:/Users/hliu/.m2/repository/com/github/stephenc/jamm/0.2.2/jamm-0.2.2.jar:/Users/hliu/.m2/repository/org/yaml/snakeyaml/1.8/snakeyaml-1.8.jar:/Users/hliu/.m2/repository/com/google/inject/extensions/guice-multibindings/3.0/guice-multibindings-3.0.jar:/Users/hliu/.m2/repository/com/proofpoint/platform/bootstrap/0.44-SNAPSHOT/bootstrap-0.44-SNAPSHOT.jar:/Users/hliu/.m2/repository/com/proofpoint/platform/discovery-experimental/0.44-SNAPSHOT/discovery-experimental-0.44-SNAPSHOT.jar:/Users/hliu/.m2/repository/com/proofpoint/platform/log/0.44-SNAPSHOT/log-0.44-SNAPSHOT.jar:/Users/hliu/.m2/repository/org/slf4j/log4j-over-slf4j/1.6.1/log4j-over-slf4j-1.6.1.jar:/Users/hliu/.m2/repository/org/slf4j/jul-to-slf4j/1.6.1/jul-to-slf4j-1.6.1.jar:/Users/hliu/.m2/repository/org/slf4j/slf4j-api/1.6.1/slf4j-api-1.6.1.jar:/Users/hliu/.m2/repository/ch/qos/logback/logback-classic/0.9.28/logback-classic-0.9.28.jar:/Users/hliu/.m2/repository/ch/qos/logback/logback-core/0.9.28/logback-core-0.9.28.jar:/Users/hliu/.m2/repository/com/ning/async-http-client/1.6.3/async-http-client-1.6.3.jar:/Users/hliu/.m2/repository/org/jboss/netty/netty/3.2.4.Final/netty-3.2.4.Final.jar:/Users/hliu/.m2/repository/com/proofpoint/platform/http-server/0.44-SNAPSHOT/http-server-0.44-SNAPSHOT.jar:/Users/hliu/.m2/repository/commons-lang/commons-lang/2.6/commons-lang-2.6.jar:/Users/hliu/.m2/repository/com/google/inject/extensions/guice-servlet/3.0/guice-servlet-3.0.jar:/Users/hliu/.m2/repository/com/google/code/findbugs/jsr305/1.3.9/jsr305-1.3.9.jar:/Users/hliu/.m2/repository/org/eclipse/jetty/jetty-server/7.1.6.v20100715/jetty-server-7.1.6.v20100715.jar:/Users/hliu/.m2/repository/javax/servlet/servlet-api/2.5/servlet-api-2.5.jar:/Users/hliu/.m2/repository/org/eclipse/jetty/jetty-continuation/7.1.6.v20100715/jetty-continuation-7.1.6.v20100715.jar:/Users/hliu/.m2/repository/org/eclipse/jetty/jetty-http/7.1.6.v20100715/jetty-http-7.1.6.v20100715.jar:/Users/hliu/.m2/repository/org/eclipse/jetty/jetty-io/7.1.6.v20100715/jetty-io-7.1.6.v20100715.jar:/Users/hliu/.m2/repository/org/eclipse/jetty/jetty-util/7.1.6.v20100715/jetty-util-7.1.6.v20100715.jar:/Users/hliu/.m2/repository/org/eclipse/jetty/jetty-servlet/7.1.6.v20100715/jetty-servlet-7.1.6.v20100715.jar:/Users/hliu/.m2/repository/org/eclipse/jetty/jetty-servlets/7.1.6.v20100715/jetty-servlets-7.1.6.v20100715.jar:/Users/hliu/.m2/repository/org/eclipse/jetty/jetty-client/7.1.6.v20100715/jetty-client-7.1.6.v20100715.jar:/Users/hliu/.m2/repository/org/eclipse/jetty/jetty-security/7.1.6.v20100715/jetty-security-7.1.6.v20100715.jar:/Users/hliu/.m2/repository/org/eclipse/jetty/jetty-jmx/7.1.6.v20100715/jetty-jmx-7.1.6.v20100715.jar:/Users/hliu/.m2/repository/org/eclipse/jetty/jetty-webapp/7.1.6.v20100715/jetty-webapp-7.1.6.v20100715.jar:/Users/hliu/.m2/repository/org/eclipse/jetty/jetty-xml/7.1.6.v20100715/jetty-xml-7.1.6.v20100715.jar:/Users/hliu/.m2/repository/joda-time/joda-time/1.6.2/joda-time-1.6.2.jar:/Users/hliu/.m2/repository/com/proofpoint/platform/jaxrs/0.44-SNAPSHOT/jaxrs-0.44-SNAPSHOT.jar:/Users/hliu/.m2/repository/com/sun/jersey/contribs/jersey-guice/1.3/jersey-guice-1.3.jar:/Users/hliu/.m2/repository/org/codehaus/jackson/jackson-jaxrs/1.7.5/jackson-jaxrs-1.7.5.jar:/Users/hliu/.m2/repository/org/codehaus/jackson/jackson-core-asl/1.7.5/jackson-core-asl-1.7.5.jar:/Users/hliu/.m2/repository/com/proofpoint/platform/stats/0.44-SNAPSHOT/stats-0.44-SNAPSHOT.jar:/Users/hliu/.m2/repository/com/proofpoint/platform/units/0.44-SNAPSHOT/units-0.44-SNAPSHOT.jar:/Users/hliu/.m2/repository/org/weakref/jmxutils/1.8/jmxutils-1.8.jar:/Users/hliu/.m2/repository/org/apache/commons/commons-math/2.2/commons-math-2.2.jar:/Users/hliu/.m2/repository/com/proofpoint/platform/jmx/0.44-SNAPSHOT/jmx-0.44-SNAPSHOT.jar:/Users/hliu/.m2/repository/me/prettyprint/hector-core/0.7.0-28/hector-core-0.7.0-28.jar:/Users/hliu/.m2/repository/commons-pool/commons-pool/1.5.3/commons-pool-1.5.3.jar:/Users/hliu/.m2/repository/org/apache/cassandra/deps/libthrift/0.5.0/libthrift-0.5.0.jar:/Users/hliu/.m2/repository/com/github/stephenc/high-scale-lib/high-scale-lib/1.1.1/high-scale-lib-1.1.1.jar:/Users/hliu/.m2/repository/com/github/stephenc/eaio-uuid/uuid/3.2.0/uuid-3.2.0.jar:/Users/hliu/.m2/repository/org/perf4j/perf4j/0.9.12/perf4j-0.9.12.jar:/Users/hliu/.m2/repository/org/testng/testng/6.0.1/testng-6.0.1.jar:/Users/hliu/.m2/repository/junit/junit/3.8.1/junit-3.8.1.jar:/Users/hliu/.m2/repository/org/beanshell/bsh/2.0b4/bsh-2.0b4.jar:/Users/hliu/.m2/repository/com/beust/jcommander/1.12/jcommander-1.12.jar:/Users/hliu/.m2/repository/com/proofpoint/platform/testing/0.44-SNAPSHOT/testing-0.44-SNAPSHOT.jar:/Users/hliu/.m2/repository/org/apache/maven/surefire/surefire-testng-utils/2.8.1/surefire-testng-utils-2.8.1.jar:"/>
    <property name="java.specification.name" value="Java Platform API Specification"/>
    <property name="java.class.version" value="50.0"/>
    <property name="sun.management.compiler" value="HotSpot 64-Bit Server Compiler"/>
    <property name="os.version" value="10.6.7"/>
    <property name="http.nonProxyHosts" value="local|*.local|169.254/16|*.169.254/16"/>
    <property name="user.home" value="/Users/hliu"/>
    <property name="user.timezone" value="America/Los_Angeles"/>
    <property name="java.awt.printerjob" value="apple.awt.CPrinterJob"/>
    <property name="java.specification.version" value="1.6"/>
    <property name="file.encoding" value="MacRoman"/>
    <property name="user.name" value="hliu"/>
    <property name="java.class.path" value="/Users/hliu/ws/GITHUB/pphnl/discovery/server/target/test-classes:/Users/hliu/ws/GITHUB/pphnl/discovery/server/target/classes:/Users/hliu/.m2/repository/com/proofpoint/platform/experimental/0.44-SNAPSHOT/experimental-0.44-SNAPSHOT.jar:/Users/hliu/.m2/repository/com/sun/jersey/jersey-server/1.3/jersey-server-1.3.jar:/Users/hliu/.m2/repository/com/sun/jersey/jersey-core/1.3/jersey-core-1.3.jar:/Users/hliu/.m2/repository/javax/ws/rs/jsr311-api/1.1.1/jsr311-api-1.1.1.jar:/Users/hliu/.m2/repository/asm/asm/3.1/asm-3.1.jar:/Users/hliu/.m2/repository/com/proofpoint/platform/json/0.44-SNAPSHOT/json-0.44-SNAPSHOT.jar:/Users/hliu/.m2/repository/com/google/inject/guice/3.0/guice-3.0.jar:/Users/hliu/.m2/repository/javax/inject/javax.inject/1/javax.inject-1.jar:/Users/hliu/.m2/repository/aopalliance/aopalliance/1.0/aopalliance-1.0.jar:/Users/hliu/.m2/repository/org/codehaus/jackson/jackson-mapper-asl/1.7.5/jackson-mapper-asl-1.7.5.jar:/Users/hliu/.m2/repository/com/google/guava/guava/r09/guava-r09.jar:/Users/hliu/.m2/repository/com/proofpoint/platform/cassandra-experimental/0.44-SNAPSHOT/cassandra-experimental-0.44-SNAPSHOT.jar:/Users/hliu/.m2/repository/com/proofpoint/platform/configuration/0.44-SNAPSHOT/configuration-0.44-SNAPSHOT.jar:/Users/hliu/.m2/repository/javax/validation/validation-api/1.0.0.GA/validation-api-1.0.0.GA.jar:/Users/hliu/.m2/repository/org/hibernate/hibernate-validator/4.0.2.GA/hibernate-validator-4.0.2.GA.jar:/Users/hliu/.m2/repository/javax/xml/bind/jaxb-api/2.1/jaxb-api-2.1.jar:/Users/hliu/.m2/repository/javax/xml/stream/stax-api/1.0-2/stax-api-1.0-2.jar:/Users/hliu/.m2/repository/javax/activation/activation/1.1/activation-1.1.jar:/Users/hliu/.m2/repository/com/sun/xml/bind/jaxb-impl/2.1.3/jaxb-impl-2.1.3.jar:/Users/hliu/.m2/repository/cglib/cglib-nodep/2.2/cglib-nodep-2.2.jar:/Users/hliu/.m2/repository/com/proofpoint/platform/node/0.44-SNAPSHOT/node-0.44-SNAPSHOT.jar:/Users/hliu/.m2/repository/org/apache/cassandra/cassandra-all/0.8.1/cassandra-all-0.8.1.jar:/Users/hliu/.m2/repository/commons-cli/commons-cli/1.1/commons-cli-1.1.jar:/Users/hliu/.m2/repository/commons-codec/commons-codec/1.2/commons-codec-1.2.jar:/Users/hliu/.m2/repository/commons-collections/commons-collections/3.2.1/commons-collections-3.2.1.jar:/Users/hliu/.m2/repository/com/googlecode/concurrentlinkedhashmap/concurrentlinkedhashmap-lru/1.1/concurrentlinkedhashmap-lru-1.1.jar:/Users/hliu/.m2/repository/org/antlr/antlr/3.2/antlr-3.2.jar:/Users/hliu/.m2/repository/org/antlr/antlr-runtime/3.2/antlr-runtime-3.2.jar:/Users/hliu/.m2/repository/org/antlr/stringtemplate/3.2/stringtemplate-3.2.jar:/Users/hliu/.m2/repository/antlr/antlr/2.7.7/antlr-2.7.7.jar:/Users/hliu/.m2/repository/org/apache/cassandra/deps/avro/1.4.0-cassandra-1/avro-1.4.0-cassandra-1.jar:/Users/hliu/.m2/repository/org/mortbay/jetty/jetty/6.1.22/jetty-6.1.22.jar:/Users/hliu/.m2/repository/org/mortbay/jetty/jetty-util/6.1.22/jetty-util-6.1.22.jar:/Users/hliu/.m2/repository/org/mortbay/jetty/servlet-api/2.5-20081211/servlet-api-2.5-20081211.jar:/Users/hliu/.m2/repository/jline/jline/0.9.94/jline-0.9.94.jar:/Users/hliu/.m2/repository/com/googlecode/json-simple/json-simple/1.1/json-simple-1.1.jar:/Users/hliu/.m2/repository/log4j/log4j/1.2.16/log4j-1.2.16.jar:/Users/hliu/.m2/repository/org/apache/thrift/libthrift/0.6.1/libthrift-0.6.1.jar:/Users/hliu/.m2/repository/org/apache/httpcomponents/httpclient/4.0.1/httpclient-4.0.1.jar:/Users/hliu/.m2/repository/org/apache/httpcomponents/httpcore/4.0.1/httpcore-4.0.1.jar:/Users/hliu/.m2/repository/commons-logging/commons-logging/1.1.1/commons-logging-1.1.1.jar:/Users/hliu/.m2/repository/org/apache/cassandra/cassandra-thrift/0.8.1/cassandra-thrift-0.8.1.jar:/Users/hliu/.m2/repository/com/github/stephenc/jamm/0.2.2/jamm-0.2.2.jar:/Users/hliu/.m2/repository/org/yaml/snakeyaml/1.8/snakeyaml-1.8.jar:/Users/hliu/.m2/repository/com/google/inject/extensions/guice-multibindings/3.0/guice-multibindings-3.0.jar:/Users/hliu/.m2/repository/com/proofpoint/platform/bootstrap/0.44-SNAPSHOT/bootstrap-0.44-SNAPSHOT.jar:/Users/hliu/.m2/repository/com/proofpoint/platform/discovery-experimental/0.44-SNAPSHOT/discovery-experimental-0.44-SNAPSHOT.jar:/Users/hliu/.m2/repository/com/proofpoint/platform/log/0.44-SNAPSHOT/log-0.44-SNAPSHOT.jar:/Users/hliu/.m2/repository/org/slf4j/log4j-over-slf4j/1.6.1/log4j-over-slf4j-1.6.1.jar:/Users/hliu/.m2/repository/org/slf4j/jul-to-slf4j/1.6.1/jul-to-slf4j-1.6.1.jar:/Users/hliu/.m2/repository/org/slf4j/slf4j-api/1.6.1/slf4j-api-1.6.1.jar:/Users/hliu/.m2/repository/ch/qos/logback/logback-classic/0.9.28/logback-classic-0.9.28.jar:/Users/hliu/.m2/repository/ch/qos/logback/logback-core/0.9.28/logback-core-0.9.28.jar:/Users/hliu/.m2/repository/com/ning/async-http-client/1.6.3/async-http-client-1.6.3.jar:/Users/hliu/.m2/repository/org/jboss/netty/netty/3.2.4.Final/netty-3.2.4.Final.jar:/Users/hliu/.m2/repository/com/proofpoint/platform/http-server/0.44-SNAPSHOT/http-server-0.44-SNAPSHOT.jar:/Users/hliu/.m2/repository/commons-lang/commons-lang/2.6/commons-lang-2.6.jar:/Users/hliu/.m2/repository/com/google/inject/extensions/guice-servlet/3.0/guice-servlet-3.0.jar:/Users/hliu/.m2/repository/com/google/code/findbugs/jsr305/1.3.9/jsr305-1.3.9.jar:/Users/hliu/.m2/repository/org/eclipse/jetty/jetty-server/7.1.6.v20100715/jetty-server-7.1.6.v20100715.jar:/Users/hliu/.m2/repository/javax/servlet/servlet-api/2.5/servlet-api-2.5.jar:/Users/hliu/.m2/repository/org/eclipse/jetty/jetty-continuation/7.1.6.v20100715/jetty-continuation-7.1.6.v20100715.jar:/Users/hliu/.m2/repository/org/eclipse/jetty/jetty-http/7.1.6.v20100715/jetty-http-7.1.6.v20100715.jar:/Users/hliu/.m2/repository/org/eclipse/jetty/jetty-io/7.1.6.v20100715/jetty-io-7.1.6.v20100715.jar:/Users/hliu/.m2/repository/org/eclipse/jetty/jetty-util/7.1.6.v20100715/jetty-util-7.1.6.v20100715.jar:/Users/hliu/.m2/repository/org/eclipse/jetty/jetty-servlet/7.1.6.v20100715/jetty-servlet-7.1.6.v20100715.jar:/Users/hliu/.m2/repository/org/eclipse/jetty/jetty-servlets/7.1.6.v20100715/jetty-servlets-7.1.6.v20100715.jar:/Users/hliu/.m2/repository/org/eclipse/jetty/jetty-client/7.1.6.v20100715/jetty-client-7.1.6.v20100715.jar:/Users/hliu/.m2/repository/org/eclipse/jetty/jetty-security/7.1.6.v20100715/jetty-security-7.1.6.v20100715.jar:/Users/hliu/.m2/repository/org/eclipse/jetty/jetty-jmx/7.1.6.v20100715/jetty-jmx-7.1.6.v20100715.jar:/Users/hliu/.m2/repository/org/eclipse/jetty/jetty-webapp/7.1.6.v20100715/jetty-webapp-7.1.6.v20100715.jar:/Users/hliu/.m2/repository/org/eclipse/jetty/jetty-xml/7.1.6.v20100715/jetty-xml-7.1.6.v20100715.jar:/Users/hliu/.m2/repository/joda-time/joda-time/1.6.2/joda-time-1.6.2.jar:/Users/hliu/.m2/repository/com/proofpoint/platform/jaxrs/0.44-SNAPSHOT/jaxrs-0.44-SNAPSHOT.jar:/Users/hliu/.m2/repository/com/sun/jersey/contribs/jersey-guice/1.3/jersey-guice-1.3.jar:/Users/hliu/.m2/repository/org/codehaus/jackson/jackson-jaxrs/1.7.5/jackson-jaxrs-1.7.5.jar:/Users/hliu/.m2/repository/org/codehaus/jackson/jackson-core-asl/1.7.5/jackson-core-asl-1.7.5.jar:/Users/hliu/.m2/repository/com/proofpoint/platform/stats/0.44-SNAPSHOT/stats-0.44-SNAPSHOT.jar:/Users/hliu/.m2/repository/com/proofpoint/platform/units/0.44-SNAPSHOT/units-0.44-SNAPSHOT.jar:/Users/hliu/.m2/repository/org/weakref/jmxutils/1.8/jmxutils-1.8.jar:/Users/hliu/.m2/repository/org/apache/commons/commons-math/2.2/commons-math-2.2.jar:/Users/hliu/.m2/repository/com/proofpoint/platform/jmx/0.44-SNAPSHOT/jmx-0.44-SNAPSHOT.jar:/Users/hliu/.m2/repository/me/prettyprint/hector-core/0.7.0-28/hector-core-0.7.0-28.jar:/Users/hliu/.m2/repository/commons-pool/commons-pool/1.5.3/commons-pool-1.5.3.jar:/Users/hliu/.m2/repository/org/apache/cassandra/deps/libthrift/0.5.0/libthrift-0.5.0.jar:/Users/hliu/.m2/repository/com/github/stephenc/high-scale-lib/high-scale-lib/1.1.1/high-scale-lib-1.1.1.jar:/Users/hliu/.m2/repository/com/github/stephenc/eaio-uuid/uuid/3.2.0/uuid-3.2.0.jar:/Users/hliu/.m2/repository/org/perf4j/perf4j/0.9.12/perf4j-0.9.12.jar:/Users/hliu/.m2/repository/org/testng/testng/6.0.1/testng-6.0.1.jar:/Users/hliu/.m2/repository/junit/junit/3.8.1/junit-3.8.1.jar:/Users/hliu/.m2/repository/org/beanshell/bsh/2.0b4/bsh-2.0b4.jar:/Users/hliu/.m2/repository/com/beust/jcommander/1.12/jcommander-1.12.jar:/Users/hliu/.m2/repository/com/proofpoint/platform/testing/0.44-SNAPSHOT/testing-0.44-SNAPSHOT.jar:/Users/hliu/.m2/repository/org/apache/maven/surefire/surefire-testng-utils/2.8.1/surefire-testng-utils-2.8.1.jar:"/>
    <property name="java.vm.specification.version" value="1.0"/>
    <property name="sun.arch.data.model" value="64"/>
    <property name="java.home" value="/System/Library/Java/JavaVirtualMachines/1.6.0.jdk/Contents/Home"/>
    <property name="java.specification.vendor" value="Sun Microsystems Inc."/>
    <property name="user.language" value="en"/>
    <property name="awt.toolkit" value="apple.awt.CToolkit"/>
    <property name="java.vm.info" value="mixed mode"/>
    <property name="java.version" value="1.6.0_24"/>
    <property name="java.ext.dirs" value="/Library/Java/Extensions:/System/Library/Java/Extensions:/System/Library/Java/JavaVirtualMachines/1.6.0.jdk/Contents/Home/lib/ext"/>
    <property name="sun.boot.class.path" value="/System/Library/Java/JavaVirtualMachines/1.6.0.jdk/Contents/Classes/jsfd.jar:/System/Library/Java/JavaVirtualMachines/1.6.0.jdk/Contents/Classes/classes.jar:/System/Library/Frameworks/JavaVM.framework/Frameworks/JavaRuntimeSupport.framework/Resources/Java/JavaRuntimeSupport.jar:/System/Library/Java/JavaVirtualMachines/1.6.0.jdk/Contents/Classes/ui.jar:/System/Library/Java/JavaVirtualMachines/1.6.0.jdk/Contents/Classes/laf.jar:/System/Library/Java/JavaVirtualMachines/1.6.0.jdk/Contents/Classes/sunrsasign.jar:/System/Library/Java/JavaVirtualMachines/1.6.0.jdk/Contents/Classes/jsse.jar:/System/Library/Java/JavaVirtualMachines/1.6.0.jdk/Contents/Classes/jce.jar:/System/Library/Java/JavaVirtualMachines/1.6.0.jdk/Contents/Classes/charsets.jar"/>
    <property name="java.vendor" value="Apple Inc."/>
    <property name="localRepository" value="/Users/hliu/.m2/repository"/>
    <property name="file.separator" value="/"/>
    <property name="java.vendor.url.bug" value="http://bugreport.apple.com/"/>
    <property name="sun.cpu.endian" value="little"/>
    <property name="sun.io.unicode.encoding" value="UnicodeLittle"/>
    <property name="mrj.version" value="1060.1.6.0_24-334"/>
    <property name="socksNonProxyHosts" value="local|*.local|169.254/16|*.169.254/16"/>
    <property name="ftp.nonProxyHosts" value="local|*.local|169.254/16|*.169.254/16"/>
    <property name="sun.cpu.isalist" value=""/>
    <property name="cassandra.config" value="file:/var/folders/QV/QVISSDHfH-Oh0tz6InR4A56J5bU/-Tmp-/1312587591237-0/config.yaml"/>
  </properties>
  <testcase time="0" classname="com.proofpoint.discovery.TestCassandraDynamicStore" name="setup">
    <failure message="org.apache.cassandra.thrift.KsDef.&lt;init&gt;(Ljava/lang/String;Ljava/lang/String;ILjava/util/List;)V" type="java.lang.NoSuchMethodError">java.lang.NoSuchMethodError: org.apache.cassandra.thrift.KsDef.&lt;init&gt;(Ljava/lang/String;Ljava/lang/String;ILjava/util/List;)V
	at me.prettyprint.cassandra.service.ThriftKsDef.toThrift(ThriftKsDef.java:94)
	at me.prettyprint.cassandra.service.ThriftCluster$5.execute(ThriftCluster.java:101)
	at me.prettyprint.cassandra.service.ThriftCluster$5.execute(ThriftCluster.java:97)
	at me.prettyprint.cassandra.service.Operation.executeAndSetResult(Operation.java:101)
	at me.prettyprint.cassandra.connection.HConnectionManager.operateWithFailover(HConnectionManager.java:221)
	at me.prettyprint.cassandra.service.ThriftCluster.addKeyspace(ThriftCluster.java:107)
	at com.proofpoint.discovery.CassandraDynamicStore.&lt;init&gt;(CassandraDynamicStore.java:82)
	at com.proofpoint.discovery.TestCassandraDynamicStore.initializeStore(TestCassandraDynamicStore.java:32)
	at com.proofpoint.discovery.TestDynamicStore.setup(TestDynamicStore.java:35)
	at sun.reflect.NativeMethodAccessorImpl.invoke0(Native Method)
	at sun.reflect.NativeMethodAccessorImpl.invoke(NativeMethodAccessorImpl.java:39)
	at sun.reflect.DelegatingMethodAccessorImpl.invoke(DelegatingMethodAccessorImpl.java:25)
	at java.lang.reflect.Method.invoke(Method.java:597)
	at org.testng.internal.MethodInvocationHelper.invokeMethod(MethodInvocationHelper.java:76)
	at org.testng.internal.Invoker.invokeConfigurationMethod(Invoker.java:525)
	at org.testng.internal.Invoker.invokeConfigurations(Invoker.java:202)
	at org.testng.internal.Invoker.invokeMethod(Invoker.java:613)
	at org.testng.internal.Invoker.invokeTestMethod(Invoker.java:846)
	at org.testng.internal.Invoker.invokeTestMethods(Invoker.java:1170)
	at org.testng.internal.TestMethodWorker.invokeTestMethods(TestMethodWorker.java:125)
	at org.testng.internal.TestMethodWorker.run(TestMethodWorker.java:109)
	at org.testng.TestRunner.runWorkers(TestRunner.java:1147)
	at org.testng.TestRunner.privateRun(TestRunner.java:749)
	at org.testng.TestRunner.run(TestRunner.java:600)
	at org.testng.SuiteRunner.runTest(SuiteRunner.java:317)
	at org.testng.SuiteRunner.runSequentially(SuiteRunner.java:312)
	at org.testng.SuiteRunner.privateRun(SuiteRunner.java:274)
	at org.testng.SuiteRunner.run(SuiteRunner.java:223)
	at org.testng.SuiteRunnerWorker.runSuite(SuiteRunnerWorker.java:52)
	at org.testng.SuiteRunnerWorker.run(SuiteRunnerWorker.java:86)
	at org.testng.TestNG.runSuitesSequentially(TestNG.java:1039)
	at org.testng.TestNG.runSuitesLocally(TestNG.java:964)
	at org.testng.TestNG.run(TestNG.java:900)
	at org.apache.maven.surefire.testng.TestNGExecutor.run(TestNGExecutor.java:70)
	at org.apache.maven.surefire.testng.TestNGDirectoryTestSuite.executeMulti(TestNGDirectoryTestSuite.java:149)
	at org.apache.maven.surefire.testng.TestNGDirectoryTestSuite.execute(TestNGDirectoryTestSuite.java:95)
	at org.apache.maven.surefire.testng.TestNGProvider.invoke(TestNGProvider.java:114)
	at sun.reflect.NativeMethodAccessorImpl.invoke0(Native Method)
	at sun.reflect.NativeMethodAccessorImpl.invoke(NativeMethodAccessorImpl.java:39)
	at sun.reflect.DelegatingMethodAccessorImpl.invoke(DelegatingMethodAccessorImpl.java:25)
	at java.lang.reflect.Method.invoke(Method.java:597)
	at org.apache.maven.surefire.booter.ProviderFactory$ClassLoaderProxy.invoke(ProviderFactory.java:103)
	at $Proxy0.invoke(Unknown Source)
	at org.apache.maven.surefire.booter.SurefireStarter.invokeProvider(SurefireStarter.java:150)
	at org.apache.maven.surefire.booter.SurefireStarter.runSuitesInProcess(SurefireStarter.java:91)
	at org.apache.maven.surefire.booter.ForkedBooter.main(ForkedBooter.java:69)
</failure>
  </testcase>
  <testcase time="0" classname="com.proofpoint.discovery.TestCassandraDynamicStore" name="testCannotBeInitalizedTwice">
    <skipped/>
  </testcase>
  <testcase time="0" classname="com.proofpoint.discovery.TestCassandraDynamicStore" name="teardown">
    <skipped/>
  </testcase>
  <testcase time="0" classname="com.proofpoint.discovery.TestCassandraDynamicStore" name="setup">
    <skipped/>
  </testcase>
  <testcase time="0" classname="com.proofpoint.discovery.TestCassandraDynamicStore" name="testDelete">
    <skipped/>
  </testcase>
  <testcase time="0.001" classname="com.proofpoint.discovery.TestCassandraDynamicStore" name="teardown">
    <skipped/>
  </testcase>
  <testcase time="0.002" classname="com.proofpoint.discovery.TestCassandraDynamicStore" name="setup">
    <skipped/>
  </testcase>
  <testcase time="0.002" classname="com.proofpoint.discovery.TestCassandraDynamicStore" name="testDeleteThenReInsert">
    <skipped/>
  </testcase>
  <testcase time="0.003" classname="com.proofpoint.discovery.TestCassandraDynamicStore" name="teardown">
    <skipped/>
  </testcase>
  <testcase time="0.003" classname="com.proofpoint.discovery.TestCassandraDynamicStore" name="setup">
    <skipped/>
  </testcase>
  <testcase time="0" classname="com.proofpoint.discovery.TestCassandraDynamicStore" name="testEmpty">
    <skipped/>
  </testcase>
  <testcase time="0" classname="com.proofpoint.discovery.TestCassandraDynamicStore" name="teardown">
    <skipped/>
  </testcase>
  <testcase time="0" classname="com.proofpoint.discovery.TestCassandraDynamicStore" name="setup">
    <skipped/>
  </testcase>
  <testcase time="0.001" classname="com.proofpoint.discovery.TestCassandraDynamicStore" name="testExpires">
    <skipped/>
  </testcase>
  <testcase time="0.001" classname="com.proofpoint.discovery.TestCassandraDynamicStore" name="teardown">
    <skipped/>
  </testcase>
  <testcase time="0.001" classname="com.proofpoint.discovery.TestCassandraDynamicStore" name="setup">
    <skipped/>
  </testcase>
  <testcase time="0" classname="com.proofpoint.discovery.TestCassandraDynamicStore" name="testGetByType">
    <skipped/>
  </testcase>
  <testcase time="0" classname="com.proofpoint.discovery.TestCassandraDynamicStore" name="teardown">
    <skipped/>
  </testcase>
  <testcase time="0.001" classname="com.proofpoint.discovery.TestCassandraDynamicStore" name="setup">
    <skipped/>
  </testcase>
  <testcase time="0" classname="com.proofpoint.discovery.TestCassandraDynamicStore" name="testGetByTypeAndPool">
    <skipped/>
  </testcase>
  <testcase time="0" classname="com.proofpoint.discovery.TestCassandraDynamicStore" name="teardown">
    <skipped/>
  </testcase>
  <testcase time="0" classname="com.proofpoint.discovery.TestCassandraDynamicStore" name="setup">
    <skipped/>
  </testcase>
  <testcase time="0" classname="com.proofpoint.discovery.TestCassandraDynamicStore" name="testPutMultipleForDifferentNodes">
    <skipped/>
  </testcase>
  <testcase time="0" classname="com.proofpoint.discovery.TestCassandraDynamicStore" name="teardown">
    <skipped/>
  </testcase>
  <testcase time="0.001" classname="com.proofpoint.discovery.TestCassandraDynamicStore" name="setup">
    <skipped/>
  </testcase>
  <testcase time="0" classname="com.proofpoint.discovery.TestCassandraDynamicStore" name="testPutMultipleForSameNode">
    <skipped/>
  </testcase>
  <testcase time="0" classname="com.proofpoint.discovery.TestCassandraDynamicStore" name="teardown">
    <skipped/>
  </testcase>
  <testcase time="0" classname="com.proofpoint.discovery.TestCassandraDynamicStore" name="setup">
    <skipped/>
  </testcase>
  <testcase time="0" classname="com.proofpoint.discovery.TestCassandraDynamicStore" name="testPutSingle">
    <skipped/>
  </testcase>
  <testcase time="0" classname="com.proofpoint.discovery.TestCassandraDynamicStore" name="teardown">
    <skipped/>
  </testcase>
  <testcase time="0" classname="com.proofpoint.discovery.TestCassandraDynamicStore" name="setup">
    <skipped/>
  </testcase>
  <testcase time="0" classname="com.proofpoint.discovery.TestCassandraDynamicStore" name="testReplace">
    <skipped/>
  </testcase>
  <testcase time="0" classname="com.proofpoint.discovery.TestCassandraDynamicStore" name="teardown">
    <skipped/>
  </testcase>
  <testcase time="0" classname="com.proofpoint.discovery.TestCassandraDynamicStore" name="setup">
    <skipped/>
  </testcase>
  <testcase time="0" classname="com.proofpoint.discovery.TestCassandraDynamicStore" name="testReplaceExpired">
    <skipped/>
  </testcase>
  <testcase time="0.001" classname="com.proofpoint.discovery.TestCassandraDynamicStore" name="teardown">
    <skipped/>
  </testcase>
  <testcase time="0.004" classname="com.proofpoint.discovery.TestCassandraDynamicStoreInitialization" name="testUpdatesGCGraceSeconds">
    <failure message="org.apache.cassandra.thrift.KsDef.&lt;init&gt;(Ljava/lang/String;Ljava/lang/String;ILjava/util/List;)V" type="java.lang.NoSuchMethodError">java.lang.NoSuchMethodError: org.apache.cassandra.thrift.KsDef.&lt;init&gt;(Ljava/lang/String;Ljava/lang/String;ILjava/util/List;)V
	at me.prettyprint.cassandra.service.ThriftKsDef.toThrift(ThriftKsDef.java:94)
	at me.prettyprint.cassandra.service.ThriftCluster$5.execute(ThriftCluster.java:101)
	at me.prettyprint.cassandra.service.ThriftCluster$5.execute(ThriftCluster.java:97)
	at me.prettyprint.cassandra.service.Operation.executeAndSetResult(Operation.java:101)
	at me.prettyprint.cassandra.connection.HConnectionManager.operateWithFailover(HConnectionManager.java:221)
	at me.prettyprint.cassandra.service.ThriftCluster.addKeyspace(ThriftCluster.java:107)
	at com.proofpoint.discovery.TestCassandraDynamicStoreInitialization.testUpdatesGCGraceSeconds(TestCassandraDynamicStoreInitialization.java:50)
</failure>
  </testcase>
  <testcase time="0.03" classname="com.proofpoint.discovery.TestCassandraPaginator" name="testEmpty"/>
  <testcase time="0.004" classname="com.proofpoint.discovery.TestCassandraPaginator" name="testMoreThanOnePageWithFullLastPage"/>
  <testcase time="0" classname="com.proofpoint.discovery.TestCassandraPaginator" name="testMoreThanOnePageWithPartialLastPage"/>
  <testcase time="0" classname="com.proofpoint.discovery.TestCassandraPaginator" name="testOne"/>
  <testcase time="0" classname="com.proofpoint.discovery.TestCassandraPaginator" name="testOneFullPage"/>
  <testcase time="0" classname="com.proofpoint.discovery.TestCassandraPaginator" name="testThrows"/>
  <testcase time="0.145" classname="com.proofpoint.discovery.TestCassandraStoreConfig" name="testDefaults"/>
  <testcase time="0.155" classname="com.proofpoint.discovery.TestCassandraStoreConfig" name="testExplicitPropertyMappings"/>
  <testcase time="0.006" classname="com.proofpoint.discovery.TestCassandraStoreConfig" name="testValidatesNotNullKeyspace"/>
  <testcase time="0.032" classname="com.proofpoint.discovery.TestDiscoveryConfig" name="testDefaults"/>
  <testcase time="0.005" classname="com.proofpoint.discovery.TestDiscoveryConfig" name="testExplicitPropertyMappings"/>
  <testcase time="0.001" classname="com.proofpoint.discovery.TestDiscoveryConfig" name="testValidatesNotNullDuration"/>
  <testcase time="1.01" classname="com.proofpoint.discovery.TestDiscoveryServer" name="setup">
    <failure message="Guice provision errors:

1) Error injecting constructor, java.lang.NoSuchMethodError: org.apache.cassandra.thrift.KsDef.&lt;init&gt;(Ljava/lang/String;Ljava/lang/String;ILjava/util/List;)V
  at com.proofpoint.discovery.CassandraDynamicStore.&lt;init&gt;(CassandraDynamicStore.java:75)
  at com.proofpoint.discovery.DiscoveryModule.configure(DiscoveryModule.java:29)
  while locating com.proofpoint.discovery.CassandraDynamicStore

1 error" type="com.google.inject.ProvisionException">com.google.inject.ProvisionException: Guice provision errors:
1) Error injecting constructor, java.lang.NoSuchMethodError: org.apache.cassandra.thrift.KsDef.&lt;init&gt;(Ljava/lang/String;Ljava/lang/String;ILjava/util/List;)V
  at com.proofpoint.discovery.CassandraDynamicStore.&lt;init&gt;(CassandraDynamicStore.java:75)
  at com.proofpoint.discovery.DiscoveryModule.configure(DiscoveryModule.java:29)
  while locating com.proofpoint.discovery.CassandraDynamicStore
1 error
	at com.google.inject.internal.InjectorImpl$4.get(InjectorImpl.java:987)
	at com.google.inject.internal.InjectorImpl.getInstance(InjectorImpl.java:1013)
	at com.proofpoint.discovery.TestDiscoveryServer.setup(TestDiscoveryServer.java:84)
Caused by: java.lang.NoSuchMethodError: org.apache.cassandra.thrift.KsDef.&lt;init&gt;(Ljava/lang/String;Ljava/lang/String;ILjava/util/List;)V
	at me.prettyprint.cassandra.service.ThriftKsDef.toThrift(ThriftKsDef.java:94)
	at me.prettyprint.cassandra.service.ThriftCluster$5.execute(ThriftCluster.java:101)
	at me.prettyprint.cassandra.service.ThriftCluster$5.execute(ThriftCluster.java:97)
	at me.prettyprint.cassandra.service.Operation.executeAndSetResult(Operation.java:101)
	at me.prettyprint.cassandra.connection.HConnectionManager.operateWithFailover(HConnectionManager.java:221)
	at me.prettyprint.cassandra.service.ThriftCluster.addKeyspace(ThriftCluster.java:107)
	at com.proofpoint.discovery.CassandraDynamicStore.&lt;init&gt;(CassandraDynamicStore.java:82)
	at com.proofpoint.discovery.CassandraDynamicStore$$FastClassByGuice$$627d0357.newInstance(&lt;generated&gt;)
	at com.google.inject.internal.cglib.reflect.$FastConstructor.newInstance(FastConstructor.java:40)
	at com.google.inject.internal.DefaultConstructionProxyFactory$1.newInstance(DefaultConstructionProxyFactory.java:60)
	at com.google.inject.internal.ConstructorInjector.construct(ConstructorInjector.java:85)
	at com.google.inject.internal.ConstructorBindingImpl$Factory.get(ConstructorBindingImpl.java:254)
	at com.google.inject.internal.ProviderToInternalFactoryAdapter$1.call(ProviderToInternalFactoryAdapter.java:46)
	at com.google.inject.internal.InjectorImpl.callInContext(InjectorImpl.java:1031)
	at com.google.inject.internal.ProviderToInternalFactoryAdapter.get(ProviderToInternalFactoryAdapter.java:40)
	at com.google.inject.Scopes$1$1.get(Scopes.java:65)
	at com.google.inject.internal.InternalFactoryToProviderAdapter.get(InternalFactoryToProviderAdapter.java:40)
	at com.google.inject.internal.InjectorImpl$4$1.call(InjectorImpl.java:978)
	at com.google.inject.internal.InjectorImpl.callInContext(InjectorImpl.java:1024)
	at com.google.inject.internal.InjectorImpl$4.get(InjectorImpl.java:974)
	... 39 more
</failure>
  </testcase>
  <testcase time="0" classname="com.proofpoint.discovery.TestDiscoveryServer" name="testDynamicAnnouncement">
    <skipped/>
  </testcase>
  <testcase time="0" classname="com.proofpoint.discovery.TestDiscoveryServer" name="teardown">
    <skipped/>
  </testcase>
  <testcase time="0.001" classname="com.proofpoint.discovery.TestDiscoveryServer" name="setup">
    <skipped/>
  </testcase>
  <testcase time="0" classname="com.proofpoint.discovery.TestDiscoveryServer" name="testStaticAnnouncement">
    <skipped/>
  </testcase>
  <testcase time="0" classname="com.proofpoint.discovery.TestDiscoveryServer" name="teardown">
    <skipped/>
  </testcase>
  <testcase time="0.03" classname="com.proofpoint.discovery.TestDynamicAnnouncement" name="testAllowsNullLocation"/>
  <testcase time="0.086" classname="com.proofpoint.discovery.TestDynamicAnnouncement" name="testParsing"/>
  <testcase time="0.002" classname="com.proofpoint.discovery.TestDynamicAnnouncement" name="testRejectsNullEnvironment"/>
  <testcase time="0.001" classname="com.proofpoint.discovery.TestDynamicAnnouncement" name="testRejectsNullPool"/>
  <testcase time="0" classname="com.proofpoint.discovery.TestDynamicAnnouncement" name="testRejectsNullServiceAnnouncements"/>
  <testcase time="0.001" classname="com.proofpoint.discovery.TestDynamicAnnouncement" name="testToString"/>
  <testcase time="0.006" classname="com.proofpoint.discovery.TestDynamicAnnouncement" name="testValidatesNestedServiceAnnouncements"/>
  <testcase time="0.135" classname="com.proofpoint.discovery.TestDynamicAnnouncementResource" name="testDeleteExisting"/>
  <testcase time="0" classname="com.proofpoint.discovery.TestDynamicAnnouncementResource" name="testDeleteMissing"/>
  <testcase time="0.014" classname="com.proofpoint.discovery.TestDynamicAnnouncementResource" name="testEnvironmentConflict"/>
  <testcase time="0" classname="com.proofpoint.discovery.TestDynamicAnnouncementResource" name="testMakesUpLocation"/>
  <testcase time="0" classname="com.proofpoint.discovery.TestDynamicAnnouncementResource" name="testPutNew"/>
  <testcase time="0.001" classname="com.proofpoint.discovery.TestDynamicAnnouncementResource" name="testReplace"/>
  <testcase time="0" classname="com.proofpoint.discovery.TestDynamicServiceAnnouncement" name="testCreatesDefensiveCopyOfProperties"/>
  <testcase time="0.004" classname="com.proofpoint.discovery.TestDynamicServiceAnnouncement" name="testEquivalence"/>
  <testcase time="0" classname="com.proofpoint.discovery.TestDynamicServiceAnnouncement" name="testImmutableProperties"/>
  <testcase time="0.001" classname="com.proofpoint.discovery.TestDynamicServiceAnnouncement" name="testParsing"/>
  <testcase time="0" classname="com.proofpoint.discovery.TestDynamicServiceAnnouncement" name="testToString"/>
  <testcase time="0.001" classname="com.proofpoint.discovery.TestDynamicServiceAnnouncement" name="testValidatesNullId"/>
  <testcase time="0.001" classname="com.proofpoint.discovery.TestDynamicServiceAnnouncement" name="testValidatesNullProperties"/>
  <testcase time="0" classname="com.proofpoint.discovery.TestDynamicServiceAnnouncement" name="testValidatesNullType"/>
  <testcase time="0.001" classname="com.proofpoint.discovery.TestInMemoryDynamicStore" name="setup">
    <skipped/>
  </testcase>
  <testcase time="0" classname="com.proofpoint.discovery.TestInMemoryDynamicStore" name="testDelete">
    <skipped/>
  </testcase>
  <testcase time="0.001" classname="com.proofpoint.discovery.TestInMemoryDynamicStore" name="setup">
    <skipped/>
  </testcase>
  <testcase time="0" classname="com.proofpoint.discovery.TestInMemoryDynamicStore" name="testDeleteThenReInsert">
    <skipped/>
  </testcase>
  <testcase time="0.001" classname="com.proofpoint.discovery.TestInMemoryDynamicStore" name="setup">
    <skipped/>
  </testcase>
  <testcase time="0" classname="com.proofpoint.discovery.TestInMemoryDynamicStore" name="testEmpty">
    <skipped/>
  </testcase>
  <testcase time="0.001" classname="com.proofpoint.discovery.TestInMemoryDynamicStore" name="setup">
    <skipped/>
  </testcase>
  <testcase time="0" classname="com.proofpoint.discovery.TestInMemoryDynamicStore" name="testExpires">
    <skipped/>
  </testcase>
  <testcase time="0.001" classname="com.proofpoint.discovery.TestInMemoryDynamicStore" name="setup">
    <skipped/>
  </testcase>
  <testcase time="0" classname="com.proofpoint.discovery.TestInMemoryDynamicStore" name="testGetByType">
    <skipped/>
  </testcase>
  <testcase time="0" classname="com.proofpoint.discovery.TestInMemoryDynamicStore" name="setup">
    <skipped/>
  </testcase>
  <testcase time="0" classname="com.proofpoint.discovery.TestInMemoryDynamicStore" name="testGetByTypeAndPool">
    <skipped/>
  </testcase>
  <testcase time="0.001" classname="com.proofpoint.discovery.TestInMemoryDynamicStore" name="setup">
    <skipped/>
  </testcase>
  <testcase time="0" classname="com.proofpoint.discovery.TestInMemoryDynamicStore" name="testPutMultipleForDifferentNodes">
    <skipped/>
  </testcase>
  <testcase time="0" classname="com.proofpoint.discovery.TestInMemoryDynamicStore" name="setup">
    <skipped/>
  </testcase>
  <testcase time="0" classname="com.proofpoint.discovery.TestInMemoryDynamicStore" name="testPutMultipleForSameNode">
    <skipped/>
  </testcase>
  <testcase time="0" classname="com.proofpoint.discovery.TestInMemoryDynamicStore" name="setup">
    <skipped/>
  </testcase>
  <testcase time="0" classname="com.proofpoint.discovery.TestInMemoryDynamicStore" name="testPutSingle">
    <skipped/>
  </testcase>
  <testcase time="0.001" classname="com.proofpoint.discovery.TestInMemoryDynamicStore" name="setup">
    <skipped/>
  </testcase>
  <testcase time="0" classname="com.proofpoint.discovery.TestInMemoryDynamicStore" name="testReplace">
    <skipped/>
  </testcase>
  <testcase time="0" classname="com.proofpoint.discovery.TestInMemoryDynamicStore" name="setup">
    <skipped/>
  </testcase>
  <testcase time="0" classname="com.proofpoint.discovery.TestInMemoryDynamicStore" name="testReplaceExpired">
    <skipped/>
  </testcase>
  <testcase time="0.027" classname="com.proofpoint.discovery.TestId" name="testFromJson"/>
  <testcase time="0.019" classname="com.proofpoint.discovery.TestId" name="testToJson"/>
  <testcase time="0.001" classname="com.proofpoint.discovery.TestService" name="testCreatesDefensiveCopyOfProperties"/>
  <testcase time="0.001" classname="com.proofpoint.discovery.TestService" name="testEquivalence"/>
  <testcase time="0" classname="com.proofpoint.discovery.TestService" name="testImmutableProperties"/>
  <testcase time="0.009" classname="com.proofpoint.discovery.TestService" name="testParseJson"/>
  <testcase time="0.005" classname="com.proofpoint.discovery.TestService" name="testToJson"/>
  <testcase time="0" classname="com.proofpoint.discovery.TestService" name="testValidatesIdNotNull"/>
  <testcase time="0" classname="com.proofpoint.discovery.TestService" name="testValidatesLocationNotNull"/>
  <testcase time="0" classname="com.proofpoint.discovery.TestService" name="testValidatesPoolNotNull"/>
  <testcase time="0.001" classname="com.proofpoint.discovery.TestService" name="testValidatesPropertiesNotNull"/>
  <testcase time="0" classname="com.proofpoint.discovery.TestService" name="testValidatesTypeNotNull"/>
  <testcase time="0" classname="com.proofpoint.discovery.TestServiceResource" name="testGetAll"/>
  <testcase time="0.007" classname="com.proofpoint.discovery.TestServiceResource" name="testGetByType"/>
  <testcase time="0.002" classname="com.proofpoint.discovery.TestServiceResource" name="testGetByTypeAndPool"/>
  <testcase time="0" classname="com.proofpoint.discovery.TestServices" name="testCreatesDefensiveCopyOfServices"/>
  <testcase time="0" classname="com.proofpoint.discovery.TestServices" name="testServicesSetIsImmutable"/>
  <testcase time="0.007" classname="com.proofpoint.discovery.TestServices" name="testToJson"/>
  <testcase time="0" classname="com.proofpoint.discovery.TestServices" name="testValidatesEnvironmentNotNull"/>
  <testcase time="0" classname="com.proofpoint.discovery.TestServices" name="testValidatesServicesNotNull"/>
  <testcase time="0.004" classname="com.proofpoint.discovery.TestStaticAndDynamicStores" name="testBothInitializeProperly">
    <failure message="org.apache.cassandra.thrift.KsDef.&lt;init&gt;(Ljava/lang/String;Ljava/lang/String;ILjava/util/List;)V" type="java.lang.NoSuchMethodError">java.lang.NoSuchMethodError: org.apache.cassandra.thrift.KsDef.&lt;init&gt;(Ljava/lang/String;Ljava/lang/String;ILjava/util/List;)V
	at me.prettyprint.cassandra.service.ThriftKsDef.toThrift(ThriftKsDef.java:94)
	at me.prettyprint.cassandra.service.ThriftCluster$5.execute(ThriftCluster.java:101)
	at me.prettyprint.cassandra.service.ThriftCluster$5.execute(ThriftCluster.java:97)
	at me.prettyprint.cassandra.service.Operation.executeAndSetResult(Operation.java:101)
	at me.prettyprint.cassandra.connection.HConnectionManager.operateWithFailover(HConnectionManager.java:221)
	at me.prettyprint.cassandra.service.ThriftCluster.addKeyspace(ThriftCluster.java:107)
	at com.proofpoint.discovery.CassandraStaticStore.&lt;init&gt;(CassandraStaticStore.java:68)
	at com.proofpoint.discovery.TestStaticAndDynamicStores.testBothInitializeProperly(TestStaticAndDynamicStores.java:29)
</failure>
  </testcase>
  <testcase time="0" classname="com.proofpoint.discovery.TestStaticAnnouncement" name="testCreatesDefensiveCopyOfProperties"/>
  <testcase time="0.001" classname="com.proofpoint.discovery.TestStaticAnnouncement" name="testEquivalence"/>
  <testcase time="0" classname="com.proofpoint.discovery.TestStaticAnnouncement" name="testImmutableProperties"/>
  <testcase time="0.007" classname="com.proofpoint.discovery.TestStaticAnnouncement" name="testParsing"/>
  <testcase time="0.008" classname="com.proofpoint.discovery.TestStaticAnnouncement" name="testValidatesNullEnvironment"/>
  <testcase time="0" classname="com.proofpoint.discovery.TestStaticAnnouncement" name="testValidatesNullPool"/>
  <testcase time="0.001" classname="com.proofpoint.discovery.TestStaticAnnouncement" name="testValidatesNullProperties"/>
  <testcase time="0" classname="com.proofpoint.discovery.TestStaticAnnouncement" name="testValidatesNullType"/>
  <testcase time="0.001" classname="com.proofpoint.discovery.TestStaticAnnouncementResource" name="testDelete"/>
  <testcase time="0" classname="com.proofpoint.discovery.TestStaticAnnouncementResource" name="testEnvironmentConflict"/>
  <testcase time="0" classname="com.proofpoint.discovery.TestStaticAnnouncementResource" name="testGet"/>
  <testcase time="0.009" classname="com.proofpoint.discovery.TestStaticAnnouncementResource" name="testMakesUpLocation"/>
  <testcase time="0.001" classname="com.proofpoint.discovery.TestStaticAnnouncementResource" name="testPost"/>
  <testcase time="0.004" classname="com.proofpoint.discovery.TestCassandraStaticStore" name="setup">
    <failure message="org.apache.cassandra.thrift.KsDef.&lt;init&gt;(Ljava/lang/String;Ljava/lang/String;ILjava/util/List;)V" type="java.lang.NoSuchMethodError">java.lang.NoSuchMethodError: org.apache.cassandra.thrift.KsDef.&lt;init&gt;(Ljava/lang/String;Ljava/lang/String;ILjava/util/List;)V
	at me.prettyprint.cassandra.service.ThriftKsDef.toThrift(ThriftKsDef.java:94)
	at me.prettyprint.cassandra.service.ThriftCluster$5.execute(ThriftCluster.java:101)
	at me.prettyprint.cassandra.service.ThriftCluster$5.execute(ThriftCluster.java:97)
	at me.prettyprint.cassandra.service.Operation.executeAndSetResult(Operation.java:101)
	at me.prettyprint.cassandra.connection.HConnectionManager.operateWithFailover(HConnectionManager.java:221)
	at me.prettyprint.cassandra.service.ThriftCluster.addKeyspace(ThriftCluster.java:107)
	at com.proofpoint.discovery.CassandraStaticStore.&lt;init&gt;(CassandraStaticStore.java:68)
	at com.proofpoint.discovery.TestCassandraStaticStore.initializeStore(TestCassandraStaticStore.java:28)
	at com.proofpoint.discovery.TestStaticStore.setup(TestStaticStore.java:28)
	at sun.reflect.NativeMethodAccessorImpl.invoke0(Native Method)
	at sun.reflect.NativeMethodAccessorImpl.invoke(NativeMethodAccessorImpl.java:39)
	at sun.reflect.DelegatingMethodAccessorImpl.invoke(DelegatingMethodAccessorImpl.java:25)
	at java.lang.reflect.Method.invoke(Method.java:597)
	at org.testng.internal.MethodInvocationHelper.invokeMethod(MethodInvocationHelper.java:76)
	at org.testng.internal.Invoker.invokeConfigurationMethod(Invoker.java:525)
	at org.testng.internal.Invoker.invokeConfigurations(Invoker.java:202)
	at org.testng.internal.Invoker.invokeMethod(Invoker.java:613)
	at org.testng.internal.Invoker.invokeTestMethod(Invoker.java:846)
	at org.testng.internal.Invoker.invokeTestMethods(Invoker.java:1170)
	at org.testng.internal.TestMethodWorker.invokeTestMethods(TestMethodWorker.java:125)
	at org.testng.internal.TestMethodWorker.run(TestMethodWorker.java:109)
	at org.testng.TestRunner.runWorkers(TestRunner.java:1147)
	at org.testng.TestRunner.privateRun(TestRunner.java:749)
	at org.testng.TestRunner.run(TestRunner.java:600)
	at org.testng.SuiteRunner.runTest(SuiteRunner.java:317)
	at org.testng.SuiteRunner.runSequentially(SuiteRunner.java:312)
	at org.testng.SuiteRunner.privateRun(SuiteRunner.java:274)
	at org.testng.SuiteRunner.run(SuiteRunner.java:223)
	at org.testng.SuiteRunnerWorker.runSuite(SuiteRunnerWorker.java:52)
	at org.testng.SuiteRunnerWorker.run(SuiteRunnerWorker.java:86)
	at org.testng.TestNG.runSuitesSequentially(TestNG.java:1039)
	at org.testng.TestNG.runSuitesLocally(TestNG.java:964)
	at org.testng.TestNG.run(TestNG.java:900)
	at org.apache.maven.surefire.testng.TestNGExecutor.run(TestNGExecutor.java:70)
	at org.apache.maven.surefire.testng.TestNGDirectoryTestSuite.executeMulti(TestNGDirectoryTestSuite.java:149)
	at org.apache.maven.surefire.testng.TestNGDirectoryTestSuite.execute(TestNGDirectoryTestSuite.java:95)
	at org.apache.maven.surefire.testng.TestNGProvider.invoke(TestNGProvider.java:114)
	at sun.reflect.NativeMethodAccessorImpl.invoke0(Native Method)
	at sun.reflect.NativeMethodAccessorImpl.invoke(NativeMethodAccessorImpl.java:39)
	at sun.reflect.DelegatingMethodAccessorImpl.invoke(DelegatingMethodAccessorImpl.java:25)
	at java.lang.reflect.Method.invoke(Method.java:597)
	at org.apache.maven.surefire.booter.ProviderFactory$ClassLoaderProxy.invoke(ProviderFactory.java:103)
	at $Proxy0.invoke(Unknown Source)
	at org.apache.maven.surefire.booter.SurefireStarter.invokeProvider(SurefireStarter.java:150)
	at org.apache.maven.surefire.booter.SurefireStarter.runSuitesInProcess(SurefireStarter.java:91)
	at org.apache.maven.surefire.booter.ForkedBooter.main(ForkedBooter.java:69)
</failure>
  </testcase>
  <testcase time="0" classname="com.proofpoint.discovery.TestCassandraStaticStore" name="testCanHandleLotsOfServices">
    <skipped/>
  </testcase>
  <testcase time="0" classname="com.proofpoint.discovery.TestCassandraStaticStore" name="setup">
    <skipped/>
  </testcase>
  <testcase time="0" classname="com.proofpoint.discovery.TestCassandraStaticStore" name="testDelete">
    <skipped/>
  </testcase>
  <testcase time="0" classname="com.proofpoint.discovery.TestCassandraStaticStore" name="setup">
    <skipped/>
  </testcase>
  <testcase time="0" classname="com.proofpoint.discovery.TestCassandraStaticStore" name="testEmpty">
    <skipped/>
  </testcase>
  <testcase time="0.001" classname="com.proofpoint.discovery.TestCassandraStaticStore" name="setup">
    <skipped/>
  </testcase>
  <testcase time="0" classname="com.proofpoint.discovery.TestCassandraStaticStore" name="testGetByType">
    <skipped/>
  </testcase>
  <testcase time="0" classname="com.proofpoint.discovery.TestCassandraStaticStore" name="setup">
    <skipped/>
  </testcase>
  <testcase time="0" classname="com.proofpoint.discovery.TestCassandraStaticStore" name="testGetByTypeAndPool">
    <skipped/>
  </testcase>
  <testcase time="0" classname="com.proofpoint.discovery.TestCassandraStaticStore" name="setup">
    <skipped/>
  </testcase>
  <testcase time="0" classname="com.proofpoint.discovery.TestCassandraStaticStore" name="testPutMultiple">
    <skipped/>
  </testcase>
  <testcase time="0.001" classname="com.proofpoint.discovery.TestCassandraStaticStore" name="setup">
    <skipped/>
  </testcase>
  <testcase time="0" classname="com.proofpoint.discovery.TestCassandraStaticStore" name="testPutSingle">
    <skipped/>
  </testcase>
  <testcase time="0" classname="com.proofpoint.discovery.TestInMemoryStaticStore" name="setup">
    <skipped/>
  </testcase>
  <testcase time="0" classname="com.proofpoint.discovery.TestInMemoryStaticStore" name="testCanHandleLotsOfServices">
    <skipped/>
  </testcase>
  <testcase time="0" classname="com.proofpoint.discovery.TestInMemoryStaticStore" name="setup">
    <skipped/>
  </testcase>
  <testcase time="0" classname="com.proofpoint.discovery.TestInMemoryStaticStore" name="testDelete">
    <skipped/>
  </testcase>
  <testcase time="0.001" classname="com.proofpoint.discovery.TestInMemoryStaticStore" name="setup">
    <skipped/>
  </testcase>
  <testcase time="0" classname="com.proofpoint.discovery.TestInMemoryStaticStore" name="testEmpty">
    <skipped/>
  </testcase>
  <testcase time="0" classname="com.proofpoint.discovery.TestInMemoryStaticStore" name="setup">
    <skipped/>
  </testcase>
  <testcase time="0" classname="com.proofpoint.discovery.TestInMemoryStaticStore" name="testGetByType">
    <skipped/>
  </testcase>
  <testcase time="0.001" classname="com.proofpoint.discovery.TestInMemoryStaticStore" name="setup">
    <skipped/>
  </testcase>
  <testcase time="0" classname="com.proofpoint.discovery.TestInMemoryStaticStore" name="testGetByTypeAndPool">
    <skipped/>
  </testcase>
  <testcase time="0" classname="com.proofpoint.discovery.TestInMemoryStaticStore" name="setup">
    <skipped/>
  </testcase>
  <testcase time="0" classname="com.proofpoint.discovery.TestInMemoryStaticStore" name="testPutMultiple">
    <skipped/>
  </testcase>
  <testcase time="0.001" classname="com.proofpoint.discovery.TestInMemoryStaticStore" name="setup">
    <skipped/>
  </testcase>
  <testcase time="0" classname="com.proofpoint.discovery.TestInMemoryStaticStore" name="testPutSingle">
    <skipped/>
  </testcase>
  <testcase time="0.134" classname="com.proofpoint.discovery.TestCassandraDynamicStore" name="teardownCassandra">
    <skipped/>
  </testcase>
  <testcase time="0.134" classname="com.proofpoint.discovery.TestCassandraDynamicStore" name="teardownCassandra">
    <skipped/>
  </testcase>
  <testcase time="0.134" classname="com.proofpoint.discovery.TestCassandraDynamicStore" name="teardownCassandra">
    <skipped/>
  </testcase>
  <testcase time="0.134" classname="com.proofpoint.discovery.TestCassandraDynamicStore" name="teardownCassandra">
    <skipped/>
  </testcase>
  <testcase time="0.134" classname="com.proofpoint.discovery.TestCassandraDynamicStore" name="teardownCassandra">
    <skipped/>
  </testcase>
</testsuite>