<?xml version="1.0" encoding="UTF-8"?>
<!-- Generated by org.testng.reporters.JUnitReportReporter -->
<testsuite hostname="hqmbm-6479.us.proofpoint.com" name="com.proofpoint.discovery.TestDynamicAnnouncement" tests="7" failures="0" timestamp="5 Aug 2011 23:39:59 GMT" time="0.127" errors="0">
  <testcase name="testToString" time="0.001" classname="com.proofpoint.discovery.TestDynamicAnnouncement"/>
  <testcase name="testAllowsNullLocation" time="0.030" classname="com.proofpoint.discovery.TestDynamicAnnouncement"/>
  <testcase name="testParsing" time="0.086" classname="com.proofpoint.discovery.TestDynamicAnnouncement"/>
  <testcase name="testRejectsNullEnvironment" time="0.002" classname="com.proofpoint.discovery.TestDynamicAnnouncement"/>
  <testcase name="testRejectsNullServiceAnnouncements" time="0.001" classname="com.proofpoint.discovery.TestDynamicAnnouncement"/>
  <testcase name="testRejectsNullPool" time="0.001" classname="com.proofpoint.discovery.TestDynamicAnnouncement"/>
  <testcase name="testValidatesNestedServiceAnnouncements" time="0.006" classname="com.proofpoint.discovery.TestDynamicAnnouncement"/>
</testsuite>
