<?xml version="1.0" encoding="UTF-8"?>
<!-- Generated by org.testng.reporters.JUnitReportReporter -->
<testsuite hostname="hqmbm-6479.us.proofpoint.com" name="com.proofpoint.discovery.TestServiceResource" tests="3" failures="0" timestamp="5 Aug 2011 23:39:59 GMT" time="0.010" errors="0">
  <testcase name="testGetByType" time="0.007" classname="com.proofpoint.discovery.TestServiceResource"/>
  <testcase name="testGetByTypeAndPool" time="0.002" classname="com.proofpoint.discovery.TestServiceResource"/>
  <testcase name="testGetAll" time="0.001" classname="com.proofpoint.discovery.TestServiceResource"/>
</testsuite>
