<?xml version="1.0" encoding="UTF-8"?>
<!-- Generated by org.testng.reporters.JUnitReportReporter -->
<testsuite hostname="hqmbm-6479.us.proofpoint.com" name="com.proofpoint.discovery.TestDynamicAnnouncementResource" tests="6" failures="0" timestamp="5 Aug 2011 23:39:59 GMT" time="0.150" errors="0">
  <testcase name="testDeleteExisting" time="0.135" classname="com.proofpoint.discovery.TestDynamicAnnouncementResource"/>
  <testcase name="testReplace" time="0.001" classname="com.proofpoint.discovery.TestDynamicAnnouncementResource"/>
  <testcase name="testPutNew" time="0.000" classname="com.proofpoint.discovery.TestDynamicAnnouncementResource"/>
  <testcase name="testMakesUpLocation" time="0.000" classname="com.proofpoint.discovery.TestDynamicAnnouncementResource"/>
  <testcase name="testDeleteMissing" time="0.000" classname="com.proofpoint.discovery.TestDynamicAnnouncementResource"/>
  <testcase name="testEnvironmentConflict" time="0.014" classname="com.proofpoint.discovery.TestDynamicAnnouncementResource"/>
</testsuite>
