<?xml version="1.0" encoding="UTF-8"?>
<!-- Generated by org.testng.reporters.JUnitReportReporter -->
<testsuite hostname="hqmbm-6479.us.proofpoint.com" name="com.proofpoint.discovery.TestServices" tests="5" failures="0" timestamp="5 Aug 2011 23:39:59 GMT" time="0.008" errors="0">
  <testcase name="testServicesSetIsImmutable" time="0.001" classname="com.proofpoint.discovery.TestServices"/>
  <testcase name="testValidatesServicesNotNull" time="0.000" classname="com.proofpoint.discovery.TestServices"/>
  <testcase name="testToJson" time="0.007" classname="com.proofpoint.discovery.TestServices"/>
  <testcase name="testCreatesDefensiveCopyOfServices" time="0.000" classname="com.proofpoint.discovery.TestServices"/>
  <testcase name="testValidatesEnvironmentNotNull" time="0.000" classname="com.proofpoint.discovery.TestServices"/>
</testsuite>
