<?xml version="1.0" encoding="UTF-8"?>
<!-- Generated by org.testng.reporters.JUnitReportReporter -->
<testsuite hostname="hqmbm-6479.us.proofpoint.com" name="com.proofpoint.discovery.TestStaticAnnouncement" tests="8" failures="0" timestamp="5 Aug 2011 23:39:59 GMT" time="0.017" errors="0">
  <testcase name="testValidatesNullType" time="0.000" classname="com.proofpoint.discovery.TestStaticAnnouncement"/>
  <testcase name="testValidatesNullEnvironment" time="0.008" classname="com.proofpoint.discovery.TestStaticAnnouncement"/>
  <testcase name="testImmutableProperties" time="0.000" classname="com.proofpoint.discovery.TestStaticAnnouncement"/>
  <testcase name="testEquivalence" time="0.001" classname="com.proofpoint.discovery.TestStaticAnnouncement"/>
  <testcase name="testCreatesDefensiveCopyOfProperties" time="0.000" classname="com.proofpoint.discovery.TestStaticAnnouncement"/>
  <testcase name="testValidatesNullProperties" time="0.001" classname="com.proofpoint.discovery.TestStaticAnnouncement"/>
  <testcase name="testParsing" time="0.007" classname="com.proofpoint.discovery.TestStaticAnnouncement"/>
  <testcase name="testValidatesNullPool" time="0.000" classname="com.proofpoint.discovery.TestStaticAnnouncement"/>
</testsuite>
