<?xml version="1.0" encoding="UTF-8"?>
<!-- Generated by org.testng.reporters.JUnitReportReporter -->
<testsuite hostname="hqmbm-6479.us.proofpoint.com" name="com.proofpoint.discovery.TestDiscoveryConfig" tests="3" failures="0" timestamp="5 Aug 2011 23:39:59 GMT" time="0.038" errors="0">
  <testcase name="testExplicitPropertyMappings" time="0.005" classname="com.proofpoint.discovery.TestDiscoveryConfig"/>
  <testcase name="testDefaults" time="0.032" classname="com.proofpoint.discovery.TestDiscoveryConfig"/>
  <testcase name="testValidatesNotNullDuration" time="0.001" classname="com.proofpoint.discovery.TestDiscoveryConfig"/>
</testsuite>
