<?xml version="1.0" encoding="UTF-8"?>
<!-- Generated by org.testng.reporters.JUnitReportReporter -->
<testsuite hostname="hqmbm-6479.us.proofpoint.com" name="com.proofpoint.discovery.TestCassandraDynamicStoreInitialization" tests="1" failures="1" timestamp="5 Aug 2011 23:39:59 GMT" time="0.003" errors="0">
  <testcase name="testUpdatesGCGraceSeconds" time="0.003" classname="com.proofpoint.discovery.TestCassandraDynamicStoreInitialization">
    <failure type="java.lang.NoSuchMethodError" message="org.apache.cassandra.thrift.KsDef.&lt;init&gt;(Ljava/lang/String;Ljava/lang/String;ILjava/util/List;)V">
      <![CDATA[java.lang.NoSuchMethodError: org.apache.cassandra.thrift.KsDef.<init>(Ljava/lang/String;Ljava/lang/String;ILjava/util/List;)V
	at me.prettyprint.cassandra.service.ThriftKsDef.toThrift(ThriftKsDef.java:94)
	at me.prettyprint.cassandra.service.ThriftCluster$5.execute(ThriftCluster.java:101)
	at me.prettyprint.cassandra.service.ThriftCluster$5.execute(ThriftCluster.java:97)
	at me.prettyprint.cassandra.service.Operation.executeAndSetResult(Operation.java:101)
	at me.prettyprint.cassandra.connection.HConnectionManager.operateWithFailover(HConnectionManager.java:221)
	at me.prettyprint.cassandra.service.ThriftCluster.addKeyspace(ThriftCluster.java:107)
	at com.proofpoint.discovery.TestCassandraDynamicStoreInitialization.testUpdatesGCGraceSeconds(TestCassandraDynamicStoreInitialization.java:50)
	at sun.reflect.NativeMethodAccessorImpl.invoke0(Native Method)
	at sun.reflect.NativeMethodAccessorImpl.invoke(NativeMethodAccessorImpl.java:39)
	at sun.reflect.DelegatingMethodAccessorImpl.invoke(DelegatingMethodAccessorImpl.java:25)
	at java.lang.reflect.Method.invoke(Method.java:597)
	at org.testng.internal.MethodInvocationHelper.invokeMethod(MethodInvocationHelper.java:76)
	at org.testng.internal.Invoker.invokeMethod(Invoker.java:673)
	at org.testng.internal.Invoker.invokeTestMethod(Invoker.java:846)
	at org.testng.internal.Invoker.invokeTestMethods(Invoker.java:1170)
	at org.testng.internal.TestMethodWorker.invokeTestMethods(TestMethodWorker.java:125)
	at org.testng.internal.TestMethodWorker.run(TestMethodWorker.java:109)
	at org.testng.TestRunner.runWorkers(TestRunner.java:1147)
	at org.testng.TestRunner.privateRun(TestRunner.java:749)
	at org.testng.TestRunner.run(TestRunner.java:600)
	at org.testng.SuiteRunner.runTest(SuiteRunner.java:317)
	at org.testng.SuiteRunner.runSequentially(SuiteRunner.java:312)
	at org.testng.SuiteRunner.privateRun(SuiteRunner.java:274)
	at org.testng.SuiteRunner.run(SuiteRunner.java:223)
	at org.testng.SuiteRunnerWorker.runSuite(SuiteRunnerWorker.java:52)
	at org.testng.SuiteRunnerWorker.run(SuiteRunnerWorker.java:86)
	at org.testng.TestNG.runSuitesSequentially(TestNG.java:1039)
	at org.testng.TestNG.runSuitesLocally(TestNG.java:964)
	at org.testng.TestNG.run(TestNG.java:900)
	at org.apache.maven.surefire.testng.TestNGExecutor.run(TestNGExecutor.java:70)
	at org.apache.maven.surefire.testng.TestNGDirectoryTestSuite.executeMulti(TestNGDirectoryTestSuite.java:149)
	at org.apache.maven.surefire.testng.TestNGDirectoryTestSuite.execute(TestNGDirectoryTestSuite.java:95)
	at org.apache.maven.surefire.testng.TestNGProvider.invoke(TestNGProvider.java:114)
	at sun.reflect.NativeMethodAccessorImpl.invoke0(Native Method)
	at sun.reflect.NativeMethodAccessorImpl.invoke(NativeMethodAccessorImpl.java:39)
	at sun.reflect.DelegatingMethodAccessorImpl.invoke(DelegatingMethodAccessorImpl.java:25)
	at java.lang.reflect.Method.invoke(Method.java:597)
	at org.apache.maven.surefire.booter.ProviderFactory$ClassLoaderProxy.invoke(ProviderFactory.java:103)
	at $Proxy0.invoke(Unknown Source)
	at org.apache.maven.surefire.booter.SurefireStarter.invokeProvider(SurefireStarter.java:150)
	at org.apache.maven.surefire.booter.SurefireStarter.runSuitesInProcess(SurefireStarter.java:91)
	at org.apache.maven.surefire.booter.ForkedBooter.main(ForkedBooter.java:69)
]]>
    </failure>
  </testcase>
</testsuite>
