<?xml version="1.0" encoding="UTF-8"?>
<!-- Generated by org.testng.reporters.JUnitReportReporter -->
<testsuite hostname="hqmbm-6479.us.proofpoint.com" name="com.proofpoint.discovery.TestId" tests="2" failures="0" timestamp="5 Aug 2011 23:39:59 GMT" time="0.046" errors="0">
  <testcase name="testToJson" time="0.019" classname="com.proofpoint.discovery.TestId"/>
  <testcase name="testFromJson" time="0.027" classname="com.proofpoint.discovery.TestId"/>
</testsuite>
