<?xml version="1.0" encoding="UTF-8"?>
<!-- Generated by org.testng.reporters.JUnitReportReporter -->
<testsuite hostname="hqmbm-6479.us.proofpoint.com" name="com.proofpoint.discovery.TestCassandraStoreConfig" tests="3" failures="0" timestamp="5 Aug 2011 23:39:59 GMT" time="0.307" errors="0">
  <testcase name="testValidatesNotNullKeyspace" time="0.007" classname="com.proofpoint.discovery.TestCassandraStoreConfig"/>
  <testcase name="testExplicitPropertyMappings" time="0.155" classname="com.proofpoint.discovery.TestCassandraStoreConfig"/>
  <testcase name="testDefaults" time="0.145" classname="com.proofpoint.discovery.TestCassandraStoreConfig"/>
</testsuite>
