<?xml version="1.0" encoding="UTF-8"?>
<!-- Generated by org.testng.reporters.JUnitReportReporter -->
<testsuite hostname="hqmbm-6479.us.proofpoint.com" name="com.proofpoint.discovery.TestService" tests="10" failures="0" timestamp="5 Aug 2011 23:39:59 GMT" time="0.018" errors="0">
  <testcase name="testValidatesIdNotNull" time="0.000" classname="com.proofpoint.discovery.TestService"/>
  <testcase name="testValidatesTypeNotNull" time="0.000" classname="com.proofpoint.discovery.TestService"/>
  <testcase name="testParseJson" time="0.009" classname="com.proofpoint.discovery.TestService"/>
  <testcase name="testEquivalence" time="0.001" classname="com.proofpoint.discovery.TestService"/>
  <testcase name="testImmutableProperties" time="0.000" classname="com.proofpoint.discovery.TestService"/>
  <testcase name="testCreatesDefensiveCopyOfProperties" time="0.001" classname="com.proofpoint.discovery.TestService"/>
  <testcase name="testValidatesPoolNotNull" time="0.000" classname="com.proofpoint.discovery.TestService"/>
  <testcase name="testValidatesPropertiesNotNull" time="0.001" classname="com.proofpoint.discovery.TestService"/>
  <testcase name="testToJson" time="0.005" classname="com.proofpoint.discovery.TestService"/>
  <testcase name="testValidatesLocationNotNull" time="0.001" classname="com.proofpoint.discovery.TestService"/>
</testsuite>
