<?xml version="1.0" encoding="UTF-8"?>
<!-- Generated by org.testng.reporters.JUnitReportReporter -->
<testsuite hostname="hqmbm-6479.us.proofpoint.com" name="com.proofpoint.discovery.TestCassandraPaginator" tests="6" failures="0" timestamp="5 Aug 2011 23:39:59 GMT" time="0.035" errors="0">
  <testcase name="testOneFullPage" time="0.001" classname="com.proofpoint.discovery.TestCassandraPaginator"/>
  <testcase name="testMoreThanOnePageWithFullLastPage" time="0.004" classname="com.proofpoint.discovery.TestCassandraPaginator"/>
  <testcase name="testThrows" time="0.000" classname="com.proofpoint.discovery.TestCassandraPaginator"/>
  <testcase name="testOne" time="0.000" classname="com.proofpoint.discovery.TestCassandraPaginator"/>
  <testcase name="testEmpty" time="0.030" classname="com.proofpoint.discovery.TestCassandraPaginator"/>
  <testcase name="testMoreThanOnePageWithPartialLastPage" time="0.000" classname="com.proofpoint.discovery.TestCassandraPaginator"/>
</testsuite>
