<?xml version="1.0" encoding="UTF-8"?>
<!-- Generated by org.testng.reporters.JUnitReportReporter -->
<testsuite hostname="hqmbm-6479.us.proofpoint.com" name="com.proofpoint.discovery.TestStaticAnnouncementResource" tests="5" failures="0" timestamp="5 Aug 2011 23:39:59 GMT" time="0.011" errors="0">
  <testcase name="testMakesUpLocation" time="0.009" classname="com.proofpoint.discovery.TestStaticAnnouncementResource"/>
  <testcase name="testDelete" time="0.001" classname="com.proofpoint.discovery.TestStaticAnnouncementResource"/>
  <testcase name="testGet" time="0.000" classname="com.proofpoint.discovery.TestStaticAnnouncementResource"/>
  <testcase name="testEnvironmentConflict" time="0.000" classname="com.proofpoint.discovery.TestStaticAnnouncementResource"/>
  <testcase name="testPost" time="0.001" classname="com.proofpoint.discovery.TestStaticAnnouncementResource"/>
</testsuite>
